0 info it worked if it ends with ok
1 verbose cli [ '/usr/bin/nodejs', '/usr/bin/npm', 'install', '-g', 'wscat' ]
2 info using npm@1.3.10
3 info using node@v0.10.25
4 verbose cache add [ 'wscat', null ]
5 verbose cache add name=undefined spec="wscat" args=["wscat",null]
6 verbose parsed url { protocol: null,
6 verbose parsed url   slashes: null,
6 verbose parsed url   auth: null,
6 verbose parsed url   host: null,
6 verbose parsed url   port: null,
6 verbose parsed url   hostname: null,
6 verbose parsed url   hash: null,
6 verbose parsed url   search: null,
6 verbose parsed url   query: null,
6 verbose parsed url   pathname: 'wscat',
6 verbose parsed url   path: 'wscat',
6 verbose parsed url   href: 'wscat' }
7 silly lockFile 5e8e4f6f-wscat wscat
8 verbose lock wscat /home/ian/.npm/5e8e4f6f-wscat.lock
9 silly lockFile 5e8e4f6f-wscat wscat
10 silly lockFile 5e8e4f6f-wscat wscat
11 verbose addNamed [ 'wscat', '' ]
12 verbose addNamed [ null, '*' ]
13 silly lockFile ae1260ff-wscat wscat@
14 verbose lock wscat@ /home/ian/.npm/ae1260ff-wscat.lock
15 silly addNameRange { name: 'wscat', range: '*', hasData: false }
16 verbose url raw wscat
17 verbose url resolving [ 'https://registry.npmjs.org/', './wscat' ]
18 verbose url resolved https://registry.npmjs.org/wscat
19 info trying registry request attempt 1 at 15:17:59
20 verbose etag "3KWRGXG9QLUVAJYGOM8FGDRO5"
21 http GET https://registry.npmjs.org/wscat
22 http 304 https://registry.npmjs.org/wscat
23 silly registry.get cb [ 304,
23 silly registry.get   { date: 'Fri, 09 Oct 2015 20:17:59 GMT',
23 silly registry.get     via: '1.1 varnish',
23 silly registry.get     'cache-control': 'max-age=60',
23 silly registry.get     etag: '"3KWRGXG9QLUVAJYGOM8FGDRO5"',
23 silly registry.get     age: '0',
23 silly registry.get     connection: 'keep-alive',
23 silly registry.get     'x-served-by': 'cache-dfw1834-DFW',
23 silly registry.get     'x-cache': 'MISS',
23 silly registry.get     'x-cache-hits': '0',
23 silly registry.get     'x-timer': 'S1444421879.775697,VS0,VE52',
23 silly registry.get     vary: 'Accept' } ]
24 verbose etag wscat from cache
25 silly addNameRange number 2 { name: 'wscat', range: '*', hasData: true }
26 silly addNameRange versions [ 'wscat', [ '1.0.0', '1.0.1' ] ]
27 verbose addNamed [ 'wscat', '1.0.1' ]
28 verbose addNamed [ '1.0.1', '1.0.1' ]
29 silly lockFile 1e18000f-wscat-1-0-1 wscat@1.0.1
30 verbose lock wscat@1.0.1 /home/ian/.npm/1e18000f-wscat-1-0-1.lock
31 silly lockFile 1e18000f-wscat-1-0-1 wscat@1.0.1
32 silly lockFile 1e18000f-wscat-1-0-1 wscat@1.0.1
33 silly lockFile ae1260ff-wscat wscat@
34 silly lockFile ae1260ff-wscat wscat@
35 silly resolved [ { name: 'wscat',
35 silly resolved     version: '1.0.1',
35 silly resolved     description: 'WebSocket cat',
35 silly resolved     main: 'index.js',
35 silly resolved     scripts: { test: 'echo "Error: no test specified" && exit 1' },
35 silly resolved     repository: { type: 'git', url: 'https://github.com/websockets/wscat' },
35 silly resolved     keywords: [ 'wscat', 'websocket', 'cat' ],
35 silly resolved     author: { name: 'Arnout Kazemier, Einar Otto Stangvik' },
35 silly resolved     license: 'MIT',
35 silly resolved     dependencies: { commander: '2.8.x', tinycolor: '0.0.x', ws: '0.8.x' },
35 silly resolved     bin: { wscat: './bin/wscat' },
35 silly resolved     readme: '# wscat\n\nWebSocket cat.\n\n## Installation\n\nThis module needs to be installed globally so use the `-g` flag when installing:\n\n```\nnpm install -g wscat\n```\n\n## Usage\n\n```\n$ wscat -c ws://echo.websocket.org \nconnected (press CTRL+C to quit)\n> hi there\n< hi there\n> are you a happy parrot?\n< are you a happy parrot?\n```\n\n## License\n\nMIT\n',
35 silly resolved     readmeFilename: 'README.md',
35 silly resolved     bugs: { url: 'https://github.com/websockets/wscat/issues' },
35 silly resolved     _id: 'wscat@1.0.1',
35 silly resolved     _from: 'wscat@' } ]
36 info install wscat@1.0.1 into /usr/local/lib
37 info installOne wscat@1.0.1
38 info /usr/local/lib/node_modules/wscat unbuild
39 info preuninstall wscat@1.0.1
40 info uninstall wscat@1.0.1
41 verbose true,/usr/local/lib/node_modules,/usr/local/lib/node_modules unbuild wscat@1.0.1
42 verbose /usr/local/bin,[object Object] binRoot
43 info /usr/local/lib/node_modules/wscat unbuild
44 info preuninstall wscat@1.0.1
45 info uninstall wscat@1.0.1
46 verbose true,/usr/local/lib/node_modules,/usr/local/lib/node_modules unbuild wscat@1.0.1
47 verbose /usr/local/bin,[object Object] binRoot
48 error error rolling back Error: EACCES, unlink '/usr/local/bin/wscat'
48 error error rolling back  wscat@1.0.1 { [Error: EACCES, unlink '/usr/local/bin/wscat'] errno: 3, code: 'EACCES', path: '/usr/local/bin/wscat' }
49 error Error: EACCES, unlink '/usr/local/bin/wscat'
49 error  { [Error: EACCES, unlink '/usr/local/bin/wscat'] errno: 3, code: 'EACCES', path: '/usr/local/bin/wscat' }
50 error Please try running this command again as root/Administrator.
51 error System Linux 3.16.0-50-generic
52 error command "/usr/bin/nodejs" "/usr/bin/npm" "install" "-g" "wscat"
53 error cwd /home/ian/wsWebDisplay
54 error node -v v0.10.25
55 error npm -v 1.3.10
56 error path /usr/local/bin/wscat
57 error code EACCES
58 error errno 3
59 error stack Error: EACCES, unlink '/usr/local/bin/wscat'
60 verbose exit [ 3, true ]
